2016-03-05 01:54:38 [::1][-][-][error][yii\base\ErrorException:8] exception 'yii\base\ErrorException' with message 'Undefined index: Sections' in /var/www/kta_hr/api/controllers/AbsensiController.php:789
Stack trace:
#0 /var/www/kta_hr/api/controllers/AbsensiController.php(789): yii\base\ErrorHandler->handleError(8, 'Undefined index...', '/var/www/kta_hr...', 789, Array)
#1 [internal function]: app\controllers\AbsensiController->actionPenggajiankaryawan()
#2 /var/www/kta_hr/api/vendor/yiisoft/yii2/base/InlineAction.php(55): call_user_func_array(Array, Array)
#3 /var/www/kta_hr/api/vendor/yiisoft/yii2/base/Controller.php(151): yii\base\InlineAction->runWithParams(Array)
#4 /var/www/kta_hr/api/vendor/yiisoft/yii2/base/Module.php(455): yii\base\Controller->runAction('penggajiankarya...', Array)
#5 /var/www/kta_hr/api/vendor/yiisoft/yii2/web/Application.php(84): yii\base\Module->runAction('absensi/penggaj...', Array)
#6 /var/www/kta_hr/api/vendor/yiisoft/yii2/base/Application.php(375): yii\web\Application->handleRequest(Object(yii\web\Request))
#7 /var/www/kta_hr/api/web/index.php(12): yii\base\Application->run()
#8 {main}
2016-03-05 01:54:37 [::1][-][-][info][application] $_POST = [
    '{\"tanggal\":\"2016-03-05T01:45:07_776Z\",\"lokasi_kntr\":\"SUKOREJO\",\"tanggal_sampai\":\"2016-03-05T01:45:07_776Z\",\"tahun\":2016,\"bulan\":\"03\"}' => ''
]

$_COOKIE = [
    '__atuvc' => '1|50'
    'PHPSESSID' => 'j0kugdck7j8bttu0h5hrdisqt1'
    '_csrf' => 'e801e966060f04c9fecf099cf5e133517e340215edc64f7250dc0ef7c46e7f9ca:2:{i:0;s:5:\"_csrf\";i:1;s:32:\"ZSN21bP73gB-cJi0vlV5FZ6ItYjbiN6k\";}'
    '_ga' => 'GA1.1.1985655192.1448731125'
]

$_SERVER = [
    'REDIRECT_STATUS' => '200'
    'HTTP_HOST' => 'localhost'
    'HTTP_CONNECTION' => 'keep-alive'
    'CONTENT_LENGTH' => '133'
    'HTTP_ACCEPT' => 'application/json, text/plain, */*'
    'HTTP_ORIGIN' => 'http://localhost'
    'HTTP_USER_AGENT' => 'Mozilla/5.0 (X11; Linux x86_64) AppleWebKit/537.36 (KHTML, like Gecko) Ubuntu Chromium/47.0.2526.73 Chrome/47.0.2526.73 Safari/537.36'
    'CONTENT_TYPE' => 'application/x-www-form-urlencoded'
    'HTTP_REFERER' => 'http://localhost/kta_hr/'
    'HTTP_ACCEPT_ENCODING' => 'gzip, deflate'
    'HTTP_ACCEPT_LANGUAGE' => 'en-US,en;q=0.8'
    'HTTP_COOKIE' => '__atuvc=1%7C50; PHPSESSID=j0kugdck7j8bttu0h5hrdisqt1; _csrf=e801e966060f04c9fecf099cf5e133517e340215edc64f7250dc0ef7c46e7f9ca%3A2%3A%7Bi%3A0%3Bs%3A5%3A%22_csrf%22%3Bi%3A1%3Bs%3A32%3A%22ZSN21bP73gB-cJi0vlV5FZ6ItYjbiN6k%22%3B%7D; _ga=GA1.1.1985655192.1448731125'
    'PATH' => '/usr/local/sbin:/usr/local/bin:/usr/sbin:/usr/bin:/sbin:/bin'
    'SERVER_SIGNATURE' => '<address>Apache/2.4.18 (Ubuntu) Server at localhost Port 80</address>
'
    'SERVER_SOFTWARE' => 'Apache/2.4.18 (Ubuntu)'
    'SERVER_NAME' => 'localhost'
    'SERVER_ADDR' => '::1'
    'SERVER_PORT' => '80'
    'REMOTE_ADDR' => '::1'
    'DOCUMENT_ROOT' => '/var/www/'
    'REQUEST_SCHEME' => 'http'
    'CONTEXT_PREFIX' => ''
    'CONTEXT_DOCUMENT_ROOT' => '/var/www/'
    'SERVER_ADMIN' => 'webmaster@localhost'
    'SCRIPT_FILENAME' => '/var/www/kta_hr/api/web/index.php'
    'REMOTE_PORT' => '45946'
    'REDIRECT_URL' => '/kta_hr/api/web/absensi/penggajiankaryawan'
    'GATEWAY_INTERFACE' => 'CGI/1.1'
    'SERVER_PROTOCOL' => 'HTTP/1.1'
    'REQUEST_METHOD' => 'POST'
    'QUERY_STRING' => ''
    'REQUEST_URI' => '/kta_hr/api/web/absensi/penggajiankaryawan'
    'SCRIPT_NAME' => '/kta_hr/api/web/index.php'
    'PHP_SELF' => '/kta_hr/api/web/index.php'
    'REQUEST_TIME_FLOAT' => 1457142877.983
    'REQUEST_TIME' => 1457142877
]
